Traceback (most recent call last):
  File "/Users/michal/Dropbox/OER-text/CS210-text/env/lib/python3.11/site-packages/jupyter_cache/executors/utils.py", line 58, in single_nb_execution
    executenb(
  File "/Users/michal/Dropbox/OER-text/CS210-text/env/lib/python3.11/site-packages/nbclient/client.py", line 1204, in execute
    return NotebookClient(nb=nb, resources=resources, km=km, **kwargs).execute()
           ^^^^^^^^^^^^^^^^^^^^^^^^^^^^^^^^^^^^^^^^^^^^^^^^^^^^^^^^^^^^^^^^^^^^^
  File "/Users/michal/Dropbox/OER-text/CS210-text/env/lib/python3.11/site-packages/nbclient/util.py", line 84, in wrapped
    return just_run(coro(*args, **kwargs))
           ^^^^^^^^^^^^^^^^^^^^^^^^^^^^^^^
  File "/Users/michal/Dropbox/OER-text/CS210-text/env/lib/python3.11/site-packages/nbclient/util.py", line 62, in just_run
    return loop.run_until_complete(coro)
           ^^^^^^^^^^^^^^^^^^^^^^^^^^^^^
  File "/Library/Frameworks/Python.framework/Versions/3.11/lib/python3.11/asyncio/base_events.py", line 653, in run_until_complete
    return future.result()
           ^^^^^^^^^^^^^^^
  File "/Users/michal/Dropbox/OER-text/CS210-text/env/lib/python3.11/site-packages/nbclient/client.py", line 663, in async_execute
    await self.async_execute_cell(
  File "/Users/michal/Dropbox/OER-text/CS210-text/env/lib/python3.11/site-packages/nbclient/client.py", line 965, in async_execute_cell
    await self._check_raise_for_error(cell, cell_index, exec_reply)
  File "/Users/michal/Dropbox/OER-text/CS210-text/env/lib/python3.11/site-packages/nbclient/client.py", line 862, in _check_raise_for_error
    raise CellExecutionError.from_cell_and_msg(cell, exec_reply_content)
nbclient.exceptions.CellExecutionError: An error occurred while executing the following cell:
------------------
def remove_dups(lst: list[int]):
    """Remove duplicate elements from lst"""
    uniques = unique_elements(lst)    # Linear time
    lst[0:len(uniques)] = uniques     # Linear time
    lst[len(uniques):] = []           # Linear time
    # Doing 3 linear time operations is still linear time!

l = [1, 2, 7, 2, 3, 2, 7]
remove_dups(l)
print("Transmogrified")
print(l)
------------------

[0;31m---------------------------------------------------------------------------[0m
[0;31mNameError[0m                                 Traceback (most recent call last)
Input [0;32mIn [1][0m, in [0;36m<cell line: 0>[0;34m()[0m
[1;32m      6[0m     [38;5;66;03m# Doing 3 linear time operations is still linear time![39;00m
[1;32m      8[0m l [38;5;241m=[39m [[38;5;241m1[39m, [38;5;241m2[39m, [38;5;241m7[39m, [38;5;241m2[39m, [38;5;241m3[39m, [38;5;241m2[39m, [38;5;241m7[39m]
[0;32m----> 9[0m remove_dups(l)
[1;32m     10[0m [38;5;28mprint[39m([38;5;124m"[39m[38;5;124mTransmogrified[39m[38;5;124m"[39m)
[1;32m     11[0m [38;5;28mprint[39m(l)

Input [0;32mIn [1][0m, in [0;36mremove_dups[0;34m(lst)[0m
[1;32m      1[0m [38;5;28;01mdef[39;00m [38;5;21mremove_dups[39m(lst: [38;5;28mlist[39m[[38;5;28mint[39m]):
[1;32m      2[0m [38;5;250m    [39m[38;5;124;03m"""Remove duplicate elements from lst"""[39;00m
[0;32m----> 3[0m     uniques [38;5;241m=[39m unique_elements(lst)    [38;5;66;03m# Linear time[39;00m
[1;32m      4[0m     lst[[38;5;241m0[39m:[38;5;28mlen[39m(uniques)] [38;5;241m=[39m uniques     [38;5;66;03m# Linear time[39;00m
[1;32m      5[0m     lst[[38;5;28mlen[39m(uniques):] [38;5;241m=[39m []

[0;31mNameError[0m: name 'unique_elements' is not defined
NameError: name 'unique_elements' is not defined

