Traceback (most recent call last):
  File "/Users/michal/Dropbox/22F-210/Book/CS210-text/env/lib/python3.10/site-packages/jupyter_cache/executors/utils.py", line 51, in single_nb_execution
    executenb(
  File "/Users/michal/Dropbox/22F-210/Book/CS210-text/env/lib/python3.10/site-packages/nbclient/client.py", line 1204, in execute
    return NotebookClient(nb=nb, resources=resources, km=km, **kwargs).execute()
  File "/Users/michal/Dropbox/22F-210/Book/CS210-text/env/lib/python3.10/site-packages/nbclient/util.py", line 84, in wrapped
    return just_run(coro(*args, **kwargs))
  File "/Users/michal/Dropbox/22F-210/Book/CS210-text/env/lib/python3.10/site-packages/nbclient/util.py", line 62, in just_run
    return loop.run_until_complete(coro)
  File "/Library/Frameworks/Python.framework/Versions/3.10/lib/python3.10/asyncio/base_events.py", line 641, in run_until_complete
    return future.result()
  File "/Users/michal/Dropbox/22F-210/Book/CS210-text/env/lib/python3.10/site-packages/nbclient/client.py", line 663, in async_execute
    await self.async_execute_cell(
  File "/Users/michal/Dropbox/22F-210/Book/CS210-text/env/lib/python3.10/site-packages/nbclient/client.py", line 965, in async_execute_cell
    await self._check_raise_for_error(cell, cell_index, exec_reply)
  File "/Users/michal/Dropbox/22F-210/Book/CS210-text/env/lib/python3.10/site-packages/nbclient/client.py", line 862, in _check_raise_for_error
    raise CellExecutionError.from_cell_and_msg(cell, exec_reply_content)
nbclient.exceptions.CellExecutionError: An error occurred while executing the following cell:
------------------
i_precious = 0
i_cheap = 0

rocks = []
while True: 
    if i_precious < len(precious) and i_cheap < len(cheap):
        if precious[i_precious] < cheap[i_cheap]:
            rocks.append(precious[i_precious])
            i_precious += 1
        else: 
            rocks.append(cheap[i_cheap])
            i_cheap += 1
    elif i_precious <= len(precious): 
        rocks.append(precious[i_precious])
        i_precious += 1
    elif i_cheap <= len(cheap):
        rocks.append(cheap[i_cheap])
        i_cheap += 1
    else: 
        # Both lists are exhausted; we're done! 
        break

print(rocks)
------------------

[0;31m---------------------------------------------------------------------------[0m
[0;31mIndexError[0m                                Traceback (most recent call last)
Input [0;32mIn [2][0m, in [0;36m<cell line: 5>[0;34m()[0m
[1;32m     12[0m         i_cheap [38;5;241m+[39m[38;5;241m=[39m [38;5;241m1[39m
[1;32m     13[0m [38;5;28;01melif[39;00m i_precious [38;5;241m<[39m[38;5;241m=[39m [38;5;28mlen[39m(precious): 
[0;32m---> 14[0m     rocks[38;5;241m.[39mappend([43mprecious[49m[43m[[49m[43mi_precious[49m[43m][49m)
[1;32m     15[0m     i_precious [38;5;241m+[39m[38;5;241m=[39m [38;5;241m1[39m
[1;32m     16[0m [38;5;28;01melif[39;00m i_cheap [38;5;241m<[39m[38;5;241m=[39m [38;5;28mlen[39m(cheap):

[0;31mIndexError[0m: list index out of range
IndexError: list index out of range

