Traceback (most recent call last):
  File "/Users/michal/Dropbox/22F-210/Book/CS210-text/env/lib/python3.10/site-packages/jupyter_cache/executors/utils.py", line 51, in single_nb_execution
    executenb(
  File "/Users/michal/Dropbox/22F-210/Book/CS210-text/env/lib/python3.10/site-packages/nbclient/client.py", line 1204, in execute
    return NotebookClient(nb=nb, resources=resources, km=km, **kwargs).execute()
  File "/Users/michal/Dropbox/22F-210/Book/CS210-text/env/lib/python3.10/site-packages/nbclient/util.py", line 84, in wrapped
    return just_run(coro(*args, **kwargs))
  File "/Users/michal/Dropbox/22F-210/Book/CS210-text/env/lib/python3.10/site-packages/nbclient/util.py", line 62, in just_run
    return loop.run_until_complete(coro)
  File "/Library/Frameworks/Python.framework/Versions/3.10/lib/python3.10/asyncio/base_events.py", line 641, in run_until_complete
    return future.result()
  File "/Users/michal/Dropbox/22F-210/Book/CS210-text/env/lib/python3.10/site-packages/nbclient/client.py", line 663, in async_execute
    await self.async_execute_cell(
  File "/Users/michal/Dropbox/22F-210/Book/CS210-text/env/lib/python3.10/site-packages/nbclient/client.py", line 965, in async_execute_cell
    await self._check_raise_for_error(cell, cell_index, exec_reply)
  File "/Users/michal/Dropbox/22F-210/Book/CS210-text/env/lib/python3.10/site-packages/nbclient/client.py", line 862, in _check_raise_for_error
    raise CellExecutionError.from_cell_and_msg(cell, exec_reply_content)
nbclient.exceptions.CellExecutionError: An error occurred while executing the following cell:
------------------
def _palindrome(word: list[str], first: int, last: int) -> bool: 
    """True if word[first:last] is a palindrome.
    first and last must be non-negative integers.
    """
    # Base cases
    if last - first < 1:
        return True
    # Recursive case
    x = word[first]
    y = word[last]
    return x == y and palindrome_v2(word, first+1, last-1)

word = ['n', 'o', 'o', 'n']
_palindrome(word, 0, len(word) - 1)
------------------

[0;31m---------------------------------------------------------------------------[0m
[0;31mNameError[0m                                 Traceback (most recent call last)
Input [0;32mIn [1][0m, in [0;36m<cell line: 14>[0;34m()[0m
[1;32m     11[0m     [38;5;28;01mreturn[39;00m x [38;5;241m==[39m y [38;5;129;01mand[39;00m palindrome_v2(word, first[38;5;241m+[39m[38;5;241m1[39m, last[38;5;241m-[39m[38;5;241m1[39m)
[1;32m     13[0m word [38;5;241m=[39m [[38;5;124m'[39m[38;5;124mn[39m[38;5;124m'[39m, [38;5;124m'[39m[38;5;124mo[39m[38;5;124m'[39m, [38;5;124m'[39m[38;5;124mo[39m[38;5;124m'[39m, [38;5;124m'[39m[38;5;124mn[39m[38;5;124m'[39m]
[0;32m---> 14[0m [43m_palindrome[49m[43m([49m[43mword[49m[43m,[49m[43m [49m[38;5;241;43m0[39;49m[43m,[49m[43m [49m[38;5;28;43mlen[39;49m[43m([49m[43mword[49m[43m)[49m[43m [49m[38;5;241;43m-[39;49m[43m [49m[38;5;241;43m1[39;49m[43m)[49m

Input [0;32mIn [1][0m, in [0;36m_palindrome[0;34m(word, first, last)[0m
[1;32m      9[0m x [38;5;241m=[39m word[first]
[1;32m     10[0m y [38;5;241m=[39m word[last]
[0;32m---> 11[0m [38;5;28;01mreturn[39;00m x [38;5;241m==[39m y [38;5;129;01mand[39;00m [43mpalindrome_v2[49m(word, first[38;5;241m+[39m[38;5;241m1[39m, last[38;5;241m-[39m[38;5;241m1[39m)

[0;31mNameError[0m: name 'palindrome_v2' is not defined
NameError: name 'palindrome_v2' is not defined

