Traceback (most recent call last):
  File "/Users/michal/Dropbox/OER-text/CS210-text/env/lib/python3.11/site-packages/jupyter_cache/executors/utils.py", line 58, in single_nb_execution
    executenb(
  File "/Users/michal/Dropbox/OER-text/CS210-text/env/lib/python3.11/site-packages/nbclient/client.py", line 1204, in execute
    return NotebookClient(nb=nb, resources=resources, km=km, **kwargs).execute()
           ^^^^^^^^^^^^^^^^^^^^^^^^^^^^^^^^^^^^^^^^^^^^^^^^^^^^^^^^^^^^^^^^^^^^^
  File "/Users/michal/Dropbox/OER-text/CS210-text/env/lib/python3.11/site-packages/nbclient/util.py", line 84, in wrapped
    return just_run(coro(*args, **kwargs))
           ^^^^^^^^^^^^^^^^^^^^^^^^^^^^^^^
  File "/Users/michal/Dropbox/OER-text/CS210-text/env/lib/python3.11/site-packages/nbclient/util.py", line 62, in just_run
    return loop.run_until_complete(coro)
           ^^^^^^^^^^^^^^^^^^^^^^^^^^^^^
  File "/Library/Frameworks/Python.framework/Versions/3.11/lib/python3.11/asyncio/base_events.py", line 653, in run_until_complete
    return future.result()
           ^^^^^^^^^^^^^^^
  File "/Users/michal/Dropbox/OER-text/CS210-text/env/lib/python3.11/site-packages/nbclient/client.py", line 663, in async_execute
    await self.async_execute_cell(
  File "/Users/michal/Dropbox/OER-text/CS210-text/env/lib/python3.11/site-packages/nbclient/client.py", line 965, in async_execute_cell
    await self._check_raise_for_error(cell, cell_index, exec_reply)
  File "/Users/michal/Dropbox/OER-text/CS210-text/env/lib/python3.11/site-packages/nbclient/client.py", line 862, in _check_raise_for_error
    raise CellExecutionError.from_cell_and_msg(cell, exec_reply_content)
nbclient.exceptions.CellExecutionError: An error occurred while executing the following cell:
------------------
def long_run(s: str) -> int: 
    """Returns length of longest run of identical characters in s."""
    if len(s) == 0: 
      return 0
    # Knowing we have at least one character makes it a
    # little easier to initialize before the loop
    length_max = 0
    length_cur = 0
    cur_char = s[0]
    for char in s: 
      if char == cur_char:
         length_cur += 1
         if length_cur > length_max: 
            length_max = length_chr
      else: 
         length_cur = 1
         cur_char = char
    return length_max


print(long_run("xxyyyzqqxx"))
# Expect 3

print(long_run("abcde"))
# Expect 1

print(long_run(""))
# Expect 0

print(long_run("abcdd"))
# Expect 2
------------------

[0;31m---------------------------------------------------------------------------[0m
[0;31mNameError[0m                                 Traceback (most recent call last)
Input [0;32mIn [8][0m, in [0;36m<cell line: 0>[0;34m()[0m
[1;32m     17[0m          cur_char [38;5;241m=[39m char
[1;32m     18[0m     [38;5;28;01mreturn[39;00m length_max
[0;32m---> 21[0m [38;5;28mprint[39m(long_run([38;5;124m"[39m[38;5;124mxxyyyzqqxx[39m[38;5;124m"[39m))
[1;32m     22[0m [38;5;66;03m# Expect 3[39;00m
[1;32m     24[0m [38;5;28mprint[39m(long_run([38;5;124m"[39m[38;5;124mabcde[39m[38;5;124m"[39m))

Input [0;32mIn [8][0m, in [0;36mlong_run[0;34m(s)[0m
[1;32m     12[0m    length_cur [38;5;241m+[39m[38;5;241m=[39m [38;5;241m1[39m
[1;32m     13[0m    [38;5;28;01mif[39;00m length_cur [38;5;241m>[39m length_max: 
[0;32m---> 14[0m       length_max [38;5;241m=[39m length_chr
[1;32m     15[0m [38;5;28;01melse[39;00m: 
[1;32m     16[0m    length_cur [38;5;241m=[39m [38;5;241m1[39m

[0;31mNameError[0m: name 'length_chr' is not defined
NameError: name 'length_chr' is not defined

